<?xml version="1.0" encoding="UTF-8"?>
<testsuite xmlns:xsi="http://www.w3.org/2001/XMLSchema-instance" xsi:noNamespaceSchemaLocation="https://maven.apache.org/surefire/maven-surefire-plugin/xsd/surefire-test-report.xsd" version="3.0.2" name="com.conecta.incidencias.IncidenciasServiceApplicationTests" time="2.198" tests="1" errors="0" skipped="0" failures="0">
  <properties>
[...]
</properties>
  <testcase name="contextLoads" classname="com.conecta.incidencias.IncidenciasServiceApplicationTests" time="0.007">
    <system-out><![CDATA[2025-04-26T13:32:29.286-05:00  INFO 28184 --- [incidencias-service] [           main] t.c.s.AnnotationConfigContextLoaderUtils : Could not detect default configuration classes for test class [com.conecta.incidencias.IncidenciasServiceApplicationTests]: IncidenciasServiceApplicationTests does not declare any static, non-private, non-final, nested classes annotated with @Configuration.
2025-04-26T13:32:29.297-05:00  INFO 28184 --- [incidencias-service] [           main] .b.t.c.SpringBootTestContextBootstrapper : Found @SpringBootConfiguration com.conecta.incidencias.IncidenciasServiceApplication for test class com.conecta.incidencias.IncidenciasServiceApplicationTests
2025-04-26T13:32:29.303-05:00  INFO 28184 --- [incidencias-service] [           main] o.s.b.d.r.RestartApplicationListener     : Restart disabled due to context in which it is running

  .   ____          _            __ _ _
 /\\ / ___'_ __ _ _(_)_ __  __ _ \ \ \ \
( ( )\___ | '_ | '_| | '_ \/ _` | \ \ \ \
 \\/  ___)| |_)| | | | | || (_| |  ) ) ) )
  '  |____| .__|_| |_|_| |_\__, | / / / /
 =========|_|==============|___/=/_/_/_/

 :: Spring Boot ::                (v3.4.5)

2025-04-26T13:32:29.325-05:00  INFO 28184 --- [incidencias-service] [           main] c.c.i.IncidenciasServiceApplicationTests : Starting IncidenciasServiceApplicationTests using Java 21.0.5 with PID 28184 (started by piero in D:\UPN\Ciclo10\Capstone Project Sistemas\project\incidencias-service)
2025-04-26T13:32:29.325-05:00  INFO 28184 --- [incidencias-service] [           main] c.c.i.IncidenciasServiceApplicationTests : The following 1 profile is active: "dev"
2025-04-26T13:32:29.683-05:00  INFO 28184 --- [incidencias-service] [           main] .s.d.r.c.RepositoryConfigurationDelegate : Bootstrapping Spring Data JPA repositories in DEFAULT mode.
2025-04-26T13:32:29.722-05:00  INFO 28184 --- [incidencias-service] [           main] .s.d.r.c.RepositoryConfigurationDelegate : Finished Spring Data repository scanning in 38 ms. Found 8 JPA repository interfaces.
2025-04-26T13:32:29.867-05:00  INFO 28184 --- [incidencias-service] [           main] o.hibernate.jpa.internal.util.LogHelper  : HHH000204: Processing PersistenceUnitInfo [name: default]
2025-04-26T13:32:29.870-05:00  INFO 28184 --- [incidencias-service] [           main] o.h.c.internal.RegionFactoryInitiator    : HHH000026: Second-level cache disabled
2025-04-26T13:32:29.885-05:00  INFO 28184 --- [incidencias-service] [           main] o.s.o.j.p.SpringPersistenceUnitInfo      : No LoadTimeWeaver setup: ignoring JPA class transformer
2025-04-26T13:32:29.886-05:00  INFO 28184 --- [incidencias-service] [           main] com.zaxxer.hikari.HikariDataSource       : HikariPool-2 - Starting...
2025-04-26T13:32:30.306-05:00  INFO 28184 --- [incidencias-service] [           main] com.zaxxer.hikari.pool.HikariPool        : HikariPool-2 - Added connection com.mysql.cj.jdbc.ConnectionImpl@202f9098
2025-04-26T13:32:30.306-05:00  INFO 28184 --- [incidencias-service] [           main] com.zaxxer.hikari.HikariDataSource       : HikariPool-2 - Start completed.
2025-04-26T13:32:30.370-05:00  WARN 28184 --- [incidencias-service] [           main] org.hibernate.orm.deprecation            : HHH90000025: MySQLDialect does not need to be specified explicitly using 'hibernate.dialect' (remove the property setting and it will be selected by default)
2025-04-26T13:32:30.382-05:00  INFO 28184 --- [incidencias-service] [           main] org.hibernate.orm.connections.pooling    : HHH10001005: Database info:
	Database JDBC URL [Connecting through datasource 'HikariDataSource (HikariPool-2)']
	Database driver: undefined/unknown
	Database version: 8.0.42
	Autocommit mode: undefined/unknown
	Isolation level: undefined/unknown
	Minimum pool size: undefined/unknown
	Maximum pool size: undefined/unknown
2025-04-26T13:32:30.613-05:00  INFO 28184 --- [incidencias-service] [           main] o.h.e.t.j.p.i.JtaPlatformInitiator       : HHH000489: No JTA platform available (set 'hibernate.transaction.jta.platform' to enable JTA platform integration)
2025-04-26T13:32:30.829-05:00  INFO 28184 --- [incidencias-service] [           main] j.LocalContainerEntityManagerFactoryBean : Initialized JPA EntityManagerFactory for persistence unit 'default'
2025-04-26T13:32:31.053-05:00  INFO 28184 --- [incidencias-service] [           main] eAuthenticationProviderManagerConfigurer : Global AuthenticationManager configured with AuthenticationProvider bean with name authenticationProvider
2025-04-26T13:32:31.054-05:00  WARN 28184 --- [incidencias-service] [           main] r$InitializeUserDetailsManagerConfigurer : Global AuthenticationManager configured with an AuthenticationProvider bean. UserDetailsService beans will not be used by Spring Security for automatically configuring username/password login. Consider removing the AuthenticationProvider bean. Alternatively, consider using the UserDetailsService in a manually instantiated DaoAuthenticationProvider. If the current configuration is intentional, to turn off this warning, increase the logging level of 'org.springframework.security.config.annotation.authentication.configuration.InitializeUserDetailsBeanManagerConfigurer' to ERROR
2025-04-26T13:32:31.471-05:00  INFO 28184 --- [incidencias-service] [           main] c.c.i.IncidenciasServiceApplicationTests : Started IncidenciasServiceApplicationTests in 2.168 seconds (process running for 36.866)
]]></system-out>
  </testcase>
</testsuite>